{
  "RSpec": {
    "coverage": {
      "/Users/jeffmorris/Ruby/tic_tac_toe/board.rb": [
        1,
        1,
        null,
        1,
        1,
        1,
        null,
        null,
        null,
        null,
        null,
        null,
        1,
        0,
        null,
        null,
        null,
        null,
        null,
        null,
        null,
        1,
        0,
        0,
        0,
        0,
        0,
        0,
        0,
        0,
        0,
        0,
        0,
        0,
        0,
        0,
        0,
        0,
        0,
        0,
        null,
        null,
        null,
        null,
        null,
        null,
        null,
        null,
        null
      ],
      "/Users/jeffmorris/Ruby/tic_tac_toe/tic_tac_toe.rb": [
        1,
        null,
        null,
        null,
        null,
        null,
        1,
        0,
        0,
        0,
        0,
        0,
        0,
        0,
        0,
        null,
        0,
        0,
        0,
        0,
        0,
        0,
        0,
        0,
        0,
        0,
        0,
        0,
        0,
        0,
        0,
        0,
        0,
        0,
        0,
        0,
        null,
        null,
        null,
        null,
        null,
        null,
        null,
        null,
        1,
        10052,
        671,
        null,
        null,
        null,
        null,
        null,
        null,
        null,
        null,
        1,
        1289,
        12890,
        1289,
        null,
        null,
        null,
        null,
        null,
        null,
        null,
        null,
        1,
        453,
        453,
        380,
        null,
        null,
        null,
        1,
        null,
        1,
        null,
        null,
        1,
        null
      ],
      "/Users/jeffmorris/Ruby/tic_tac_toe/player.rb": [
        1,
        1,
        1,
        null,
        1,
        0,
        0,
        0,
        0,
        0,
        null,
        null,
        null,
        null,
        null,
        null,
        1,
        0,
        null,
        null,
        null,
        null,
        null,
        null
      ],
      "/Users/jeffmorris/Ruby/tic_tac_toe/minimax.rb": [
        1,
        1,
        null,
        1,
        908,
        908,
        908,
        908,
        908,
        908,
        null,
        null,
        null,
        null,
        null,
        null,
        null,
        null,
        1,
        null,
        null,
        null,
        null,
        null,
        null,
        706,
        253,
        253,
        253,
        null,
        75,
        75,
        null,
        null,
        null,
        null,
        null,
        null,
        378,
        null,
        null,
        null,
        null,
        null,
        null,
        378,
        378,
        699,
        699,
        null,
        null,
        null,
        null,
        null,
        null,
        null,
        null,
        378,
        null,
        378,
        null,
        null,
        null,
        null,
        null,
        null,
        null,
        null,
        null,
        1,
        708,
        null,
        null,
        null,
        null,
        null,
        null,
        null,
        1,
        809,
        null,
        null,
        null,
        null,
        null,
        null,
        null,
        1,
        807,
        null,
        null,
        null,
        null,
        null,
        null,
        null,
        1,
        255,
        null,
        null,
        null,
        null,
        null,
        null,
        null,
        1,
        104,
        null,
        null,
        null,
        null,
        null,
        null,
        null,
        1,
        163,
        null,
        null,
        null,
        null,
        null,
        null,
        null,
        null,
        1,
        387,
        null,
        null,
        null,
        null,
        null,
        null,
        null,
        null,
        1,
        381,
        null,
        null,
        null,
        null,
        null,
        null,
        null,
        null,
        1,
        406,
        834,
        834,
        834,
        null,
        null,
        null,
        null,
        null,
        null,
        null,
        null,
        1,
        2532,
        844,
        844,
        844,
        null,
        null,
        null,
        null,
        null,
        null,
        null,
        null,
        1,
        834,
        null,
        null,
        null,
        null,
        null,
        null,
        null,
        1,
        489,
        null,
        null,
        null,
        null,
        null,
        null,
        null,
        1,
        353,
        null,
        null,
        null,
        null,
        null,
        null,
        null,
        1,
        836,
        836,
        null,
        null,
        null,
        null,
        null,
        null,
        1,
        0,
        null,
        null,
        null,
        null,
        null,
        0,
        0,
        0,
        null,
        null,
        null,
        null,
        null,
        null,
        null,
        null,
        0,
        null,
        null,
        null,
        null,
        null,
        null,
        null,
        null,
        0,
        null,
        null,
        null,
        null,
        null,
        null,
        null,
        1,
        0,
        null,
        null,
        null,
        1,
        1,
        null,
        null
      ]
    },
    "timestamp": 1367257292
  }
}
